have_header: checking for sys/stropts.h... -------------------- no

"gcc -E -I../../.ext/include/i686-darwin9.3.0 -I../.././include -I../.././ext/pty  -D_XOPEN_SOURCE -D_DARWIN_C_SOURCE    -O2 -g -Wall -Wno-parentheses -pipe -fno-common  conftest.c -o conftest.i"
conftest.c:1:25: error: sys/stropts.h: No such file or directory
checked program was:
/* begin */
1: #include <sys/stropts.h>
/* end */

--------------------

have_func: checking for setresuid()... -------------------- no

"gcc -o conftest -I../../.ext/include/i686-darwin9.3.0 -I../.././include -I../.././ext/pty  -D_XOPEN_SOURCE -D_DARWIN_C_SOURCE    -O2 -g -Wall -Wno-parentheses -pipe -fno-common conftest.c  -L. -L../.. -L.      -lruby-static  -lpthread -ldl -lobjc  "
conftest.c: In function 't':
conftest.c:3: error: 'setresuid' undeclared (first use in this function)
conftest.c:3: error: (Each undeclared identifier is reported only once
conftest.c:3: error: for each function it appears in.)
checked program was:
/* begin */
1: /*top*/
2: int main() { return 0; }
3: int t() { void ((*volatile p)()); p = (void ((*)()))setresuid; return 0; }
/* end */

"gcc -o conftest -I../../.ext/include/i686-darwin9.3.0 -I../.././include -I../.././ext/pty  -D_XOPEN_SOURCE -D_DARWIN_C_SOURCE    -O2 -g -Wall -Wno-parentheses -pipe -fno-common conftest.c  -L. -L../.. -L.      -lruby-static  -lpthread -ldl -lobjc  "
conftest.c: In function 't':
conftest.c:3: warning: implicit declaration of function 'setresuid'
Undefined symbols:
  "_setresuid", referenced from:
      _t in ccK1I2i4.o
ld: symbol(s) not found
collect2: ld returned 1 exit status
checked program was:
/* begin */
1: /*top*/
2: int main() { return 0; }
3: int t() { setresuid(); return 0; }
/* end */

--------------------

have_header: checking for libutil.h... -------------------- no

"gcc -E -I../../.ext/include/i686-darwin9.3.0 -I../.././include -I../.././ext/pty  -D_XOPEN_SOURCE -D_DARWIN_C_SOURCE    -O2 -g -Wall -Wno-parentheses -pipe -fno-common  conftest.c -o conftest.i"
conftest.c:1:21: error: libutil.h: No such file or directory
checked program was:
/* begin */
1: #include <libutil.h>
/* end */

--------------------

have_header: checking for pty.h... -------------------- no

"gcc -E -I../../.ext/include/i686-darwin9.3.0 -I../.././include -I../.././ext/pty  -D_XOPEN_SOURCE -D_DARWIN_C_SOURCE    -O2 -g -Wall -Wno-parentheses -pipe -fno-common  conftest.c -o conftest.i"
conftest.c:1:17: error: pty.h: No such file or directory
checked program was:
/* begin */
1: #include <pty.h>
/* end */

--------------------

have_library: checking for openpty() in -lutil... -------------------- yes

"gcc -o conftest -I../../.ext/include/i686-darwin9.3.0 -I../.././include -I../.././ext/pty  -D_XOPEN_SOURCE -D_DARWIN_C_SOURCE    -O2 -g -Wall -Wno-parentheses -pipe -fno-common conftest.c  -L. -L../.. -L.      -lruby-static -lutil  -lpthread -ldl -lobjc  "
conftest.c: In function 't':
conftest.c:3: error: 'openpty' undeclared (first use in this function)
conftest.c:3: error: (Each undeclared identifier is reported only once
conftest.c:3: error: for each function it appears in.)
checked program was:
/* begin */
1: /*top*/
2: int main() { return 0; }
3: int t() { void ((*volatile p)()); p = (void ((*)()))openpty; return 0; }
/* end */

"gcc -o conftest -I../../.ext/include/i686-darwin9.3.0 -I../.././include -I../.././ext/pty  -D_XOPEN_SOURCE -D_DARWIN_C_SOURCE    -O2 -g -Wall -Wno-parentheses -pipe -fno-common conftest.c  -L. -L../.. -L.      -lruby-static -lutil  -lpthread -ldl -lobjc  "
conftest.c: In function 't':
conftest.c:3: warning: implicit declaration of function 'openpty'
checked program was:
/* begin */
1: /*top*/
2: int main() { return 0; }
3: int t() { openpty(); return 0; }
/* end */

--------------------

have_func: checking for openpty()... -------------------- yes

"gcc -o conftest -I../../.ext/include/i686-darwin9.3.0 -I../.././include -I../.././ext/pty  -D_XOPEN_SOURCE -D_DARWIN_C_SOURCE    -O2 -g -Wall -Wno-parentheses -pipe -fno-common conftest.c  -L. -L../.. -L.     -lutil  -lruby-static -lutil  -lpthread -ldl -lobjc  "
conftest.c: In function 't':
conftest.c:3: error: 'openpty' undeclared (first use in this function)
conftest.c:3: error: (Each undeclared identifier is reported only once
conftest.c:3: error: for each function it appears in.)
checked program was:
/* begin */
1: /*top*/
2: int main() { return 0; }
3: int t() { void ((*volatile p)()); p = (void ((*)()))openpty; return 0; }
/* end */

"gcc -o conftest -I../../.ext/include/i686-darwin9.3.0 -I../.././include -I../.././ext/pty  -D_XOPEN_SOURCE -D_DARWIN_C_SOURCE    -O2 -g -Wall -Wno-parentheses -pipe -fno-common conftest.c  -L. -L../.. -L.     -lutil  -lruby-static -lutil  -lpthread -ldl -lobjc  "
conftest.c: In function 't':
conftest.c:3: warning: implicit declaration of function 'openpty'
checked program was:
/* begin */
1: /*top*/
2: int main() { return 0; }
3: int t() { openpty(); return 0; }
/* end */

--------------------

